<?xml version="1.0" encoding="UTF-8"?>
<!-- Generated by org.testng.reporters.JUnitReportReporter -->
<testsuite hostname="LAPTOP-UOSNP22B" failures="0" tests="2" name="AmazonTestCases.NewTestCasesGroup" time="0.006" errors="0" timestamp="2024-06-09T12:15:07 IST" skipped="0">
  <testcase classname="AmazonTestCases.NewTestCasesGroup" name="tc004" time="0.005"/>
  <testcase classname="AmazonTestCases.NewTestCasesGroup" name="tc005" time="0.001"/>
</testsuite> <!-- AmazonTestCases.NewTestCasesGroup -->
