<?xml version="1.0" encoding="UTF-8"?>
<!-- Generated by org.testng.reporters.JUnitReportReporter -->
<testsuite hostname="LAPTOP-UOSNP22B" failures="0" tests="5" name="AmazonTestCases.NewTestCases" time="0.016" errors="0" timestamp="2024-06-05T08:19:25 IST" skipped="0">
  <testcase classname="AmazonTestCases.NewTestCases" name="tc002" time="0.003"/>
  <testcase classname="AmazonTestCases.NewTestCases" name="tc004" time="0.003"/>
  <testcase classname="AmazonTestCases.NewTestCases" name="tc001" time="0.007"/>
  <testcase classname="AmazonTestCases.NewTestCases" name="tc005" time="0.002"/>
  <testcase classname="AmazonTestCases.NewTestCases" name="tc003" time="0.001"/>
</testsuite> <!-- AmazonTestCases.NewTestCases -->
