<?xml version="1.0" encoding="UTF-8"?>
<!-- Generated by org.testng.reporters.JUnitReportReporter -->
<testsuite hostname="LAPTOP-UOSNP22B" failures="0" tests="3" name="AmazonTestCases.LoginPageTestCases" time="11.465" errors="0" timestamp="2024-06-06T17:40:51 IST" skipped="0">
  <testcase classname="AmazonTestCases.LoginPageTestCases" name="tc010" time="2.573"/>
  <testcase classname="AmazonTestCases.LoginPageTestCases" name="tc010" time="2.857"/>
  <testcase classname="AmazonTestCases.LoginPageTestCases" name="tc010" time="6.035"/>
</testsuite> <!-- AmazonTestCases.LoginPageTestCases -->
